行 54: 控件 StatusBar1 的类 MSComctlLib.StatusBar 不是一个已加载的控件类。
行 115: 控件 Toolbar1 的类 MSComctlLib.Toolbar 不是一个已加载的控件类。
行 177: 控件 ImageList1 的类 MSComctlLib.ImageList 不是一个已加载的控件类。
行 810: 控件 TabStrip2 的类 MSComctlLib.TabStrip 不是一个已加载的控件类。
行 846: 控件 TreeView1 的类 MSComctlLib.TreeView 不是一个已加载的控件类。
行 881: 控件 TabStrip1 的类 MSComctlLib.TabStrip 不是一个已加载的控件类。
行 61: 属性名 _ExtentX 在 StatusBar1 中是无效的。
行 62: 属性名 _ExtentY 在 StatusBar1 中是无效的。
行 63: 属性名 _Version 在 StatusBar1 中是无效的。
行 82: 属性名 Panels 在 StatusBar1 中是无效的。
行 122: 属性名 _ExtentX 在 Toolbar1 中是无效的。
行 123: 属性名 _ExtentY 在 Toolbar1 中是无效的。
行 124: 属性名 ButtonWidth 在 Toolbar1 中是无效的。
行 125: 属性名 ButtonHeight 在 Toolbar1 中是无效的。
行 127: 属性名 ImageList 在 Toolbar1 中是无效的。
行 128: 属性名 _Version 在 Toolbar1 中是无效的。
行 166: 属性名 Buttons 在 Toolbar1 中是无效的。
行 180: 属性名 _ExtentX 在 ImageList1 中是无效的。
行 181: 属性名 _ExtentY 在 ImageList1 中是无效的。
行 183: 属性名 ImageWidth 在 ImageList1 中是无效的。
行 184: 属性名 ImageHeight 在 ImageList1 中是无效的。
行 185: 属性名 MaskColor 在 ImageList1 中是无效的。
行 186: 属性名 _Version 在 ImageList1 中是无效的。
行 224: 属性名 Images 在 ImageList1 中是无效的。
行 816: 属性名 _ExtentX 在 TabStrip2 中是无效的。
行 817: 属性名 _ExtentY 在 TabStrip2 中是无效的。
行 818: 属性名 TabWidthStyle 在 TabStrip2 中是无效的。
行 819: 属性名 MultiRow 在 TabStrip2 中是无效的。
行 820: 属性名 HotTracking 在 TabStrip2 中是无效的。
行 821: 属性名 TabMinWidth 在 TabStrip2 中是无效的。
行 822: 属性名 TabStyle 在 TabStrip2 中是无效的。
行 823: 属性名 _Version 在 TabStrip2 中是无效的。
行 834: 属性名 Tabs 在 TabStrip2 中是无效的。
行 852: 属性名 _ExtentX 在 TreeView1 中是无效的。
行 853: 属性名 _ExtentY 在 TreeView1 中是无效的。
行 854: 属性名 _Version 在 TreeView1 中是无效的。
行 855: 属性名 Indentation 在 TreeView1 中是无效的。
行 856: 属性名 LineStyle 在 TreeView1 中是无效的。
行 857: 属性名 Sorted 在 TreeView1 中是无效的。
行 858: 属性名 Style 在 TreeView1 中是无效的。
行 887: 属性名 _ExtentX 在 TabStrip1 中是无效的。
行 888: 属性名 _ExtentY 在 TabStrip1 中是无效的。
行 889: 属性名 TabWidthStyle 在 TabStrip1 中是无效的。
行 890: 属性名 MultiRow 在 TabStrip1 中是无效的。
行 891: 属性名 HotTracking 在 TabStrip1 中是无效的。
行 892: 属性名 TabMinWidth 在 TabStrip1 中是无效的。
行 893: 属性名 TabStyle 在 TabStrip1 中是无效的。
行 894: 属性名 _Version 在 TabStrip1 中是无效的。
行 905: 属性名 Tabs 在 TabStrip1 中是无效的。
